<?xml version="1.0" encoding="UTF-8"?>
<!-- Generated by org.testng.reporters.JUnitReportReporter -->
<testsuite hostname="HP" failures="0" tests="1" name="JenkinsPactise.DemoTest" time="5.628" errors="0" timestamp="2022-08-17T18:09:59 IST" skipped="0">
  <testcase classname="JenkinsPactise.DemoTest" name="demoTest" time="5.628"/>
  <system-out/>
</testsuite> <!-- JenkinsPactise.DemoTest -->
