<?xml version="1.0" encoding="UTF-8"?>
<!-- Generated by org.testng.reporters.JUnitReportReporter -->
<testsuite hostname="HP" failures="0" tests="1" name="DeleteProduct.DeleteProduct" time="21.255" errors="0" timestamp="2022-08-09T14:51:36 IST" skipped="0">
  <testcase classname="DeleteProduct.DeleteProduct" name="CreateCampaign" time="21.255"/>
  <system-out/>
</testsuite> <!-- DeleteProduct.DeleteProduct -->
