<?xml version="1.0" encoding="UTF-8"?>
<!-- Generated by org.testng.reporters.JUnitReportReporter -->
<testsuite hostname="HP" failures="0" tests="1" name="CreateCampaign.CreateCampaign" time="24.895" errors="0" timestamp="2022-08-04T10:09:11 IST" skipped="0">
  <testcase classname="CreateCampaign.CreateCampaign" name="CreateCampaign" time="24.895"/>
  <system-out/>
</testsuite> <!-- CreateCampaign.CreateCampaign -->
