<?xml version="1.0" encoding="UTF-8"?>
<!-- Generated by org.testng.reporters.JUnitReportReporter -->
<testsuite hostname="HP" failures="0" tests="1" name="CreateAndDeleteProduct.CreateAndDeleteProduct" time="28.020" errors="0" timestamp="2022-08-11T15:51:11 IST" skipped="0">
  <testcase classname="CreateAndDeleteProduct.CreateAndDeleteProduct" name="CreateAndDeleteProductTest" time="28.020"/>
  <system-out/>
</testsuite> <!-- CreateAndDeleteProduct.CreateAndDeleteProduct -->
