<?xml version="1.0" encoding="UTF-8"?>
<!-- Generated by org.testng.reporters.JUnitReportReporter -->
<testsuite hostname="HP" failures="0" tests="2" name="Practise1.Demo2" time="0.018" errors="0" timestamp="2022-08-09T12:23:58 IST" skipped="0">
  <testcase classname="Practise1.Demo2" name="createContact" time="0.015"/>
  <system-out/>
  <testcase classname="Practise1.Demo2" name="DeleteContact" time="0.003"/>
  <system-out/>
</testsuite> <!-- Practise1.Demo2 -->
