<?xml version="1.0" encoding="UTF-8"?>
<!-- Generated by org.testng.reporters.JUnitReportReporter -->
<testsuite hostname="HP" failures="0" tests="3" name="Practise1.Sample2" time="0.018" errors="0" timestamp="2022-08-03T16:26:25 IST" skipped="0">
  <testcase classname="Practise1.Sample2" name="DeleteContact" time="0.013"/>
  <system-out/>
  <testcase classname="Practise1.Sample2" name="createContact" time="0.002"/>
  <system-out/>
  <testcase classname="Practise1.Sample2" name="modifyContact" time="0.003"/>
  <system-out/>
</testsuite> <!-- Practise1.Sample2 -->
