<?xml version="1.0" encoding="UTF-8"?>
<!-- Generated by org.testng.reporters.JUnitReportReporter -->
<testsuite hostname="HP" failures="0" tests="5" name="Practise1.DataProviderTest" time="0.017" errors="0" timestamp="2022-08-03T17:27:31 IST" skipped="0">
  <testcase classname="Practise1.DataProviderTest" name="bookTicket" time="0.002"/>
  <system-out/>
  <testcase classname="Practise1.DataProviderTest" name="bookTicket" time="0.002"/>
  <system-out/>
  <testcase classname="Practise1.DataProviderTest" name="bookTicket" time="0.002"/>
  <system-out/>
  <testcase classname="Practise1.DataProviderTest" name="bookTicket" time="0.002"/>
  <system-out/>
  <testcase classname="Practise1.DataProviderTest" name="bookTicket" time="0.009"/>
  <system-out/>
</testsuite> <!-- Practise1.DataProviderTest -->
