<?xml version="1.0" encoding="UTF-8"?>
<!-- Generated by org.testng.reporters.JUnitReportReporter -->
<testsuite hostname="HP" failures="0" tests="3" name="Practise1.Sample3" time="0.027" errors="0" timestamp="2022-08-03T16:24:40 IST" skipped="0">
  <testcase classname="Practise1.Sample3" name="modifyContact" time="0.017"/>
  <system-out/>
  <testcase classname="Practise1.Sample3" name="createContact" time="0.007"/>
  <system-out/>
  <testcase classname="Practise1.Sample3" name="DeleteContact" time="0.003"/>
  <system-out/>
</testsuite> <!-- Practise1.Sample3 -->
