<?xml version="1.0" encoding="UTF-8"?>
<!-- Generated by org.testng.reporters.JUnitReportReporter -->
<testsuite hostname="HP" failures="0" tests="1" name="CreateProduct.CreateProduct" time="24.241" errors="0" timestamp="2022-08-11T15:49:31 IST" skipped="0">
  <testcase classname="CreateProduct.CreateProduct" name="CreateProductTest" time="24.241"/>
  <system-out/>
</testsuite> <!-- CreateProduct.CreateProduct -->
