<?xml version="1.0" encoding="UTF-8"?>
<!-- Generated by org.testng.reporters.JUnitReportReporter -->
<testsuite hostname="HP" failures="0" tests="5" name="Practise1.Sample1" time="0.021" errors="0" timestamp="2022-08-03T17:29:05 IST" skipped="0">
  <testcase classname="Practise1.Sample1" name="modifyContact" time="0.002"/>
  <system-out/>
  <testcase classname="Practise1.Sample1" name="createContact" time="0.003"/>
  <system-out/>
  <testcase classname="Practise1.Sample1" name="modifyContact" time="0.003"/>
  <system-out/>
  <testcase classname="Practise1.Sample1" name="modifyContact" time="0.002"/>
  <system-out/>
  <testcase classname="Practise1.Sample1" name="DeleteContact" time="0.011"/>
  <system-out/>
</testsuite> <!-- Practise1.Sample1 -->
